<?xml version="1.0" encoding="UTF-8"?>
<!-- Generated by org.testng.reporters.JUnitReportReporter -->
<testsuite hostname="DESKTOP-OFL8S08" failures="0" tests="1" name="ChildClass" time="0.012" errors="0" timestamp="2023-04-09T16:51:46 PKT" skipped="0">
  <testcase classname="ChildClass" name="childTestClass" time="0.012"/>
  <system-out/>
</testsuite> <!-- ChildClass -->
